<?xml version="1.0" encoding="UTF-8"?>
<!-- Generated by org.testng.reporters.JUnitReportReporter -->
<testsuite hostname="DESKTOP-9E8RF97" failures="0" tests="2" name="org.jengit.JenkinsWithGit" time="12.512" errors="0" timestamp="2023-10-12T22:51:57 IST" skipped="0">
  <testcase classname="org.jengit.JenkinsWithGit" name="browserLaunchFB" time="12.510"/>
  <testcase classname="org.jengit.JenkinsWithGit" name="printStatement" time="0.002"/>
</testsuite> <!-- org.jengit.JenkinsWithGit -->
